2025-10-24 00:09:25 [main] INFO  c.e.loginapp.LoginappApplication - Starting LoginappApplication using Java 17.0.16 with PID 14096 (E:\PROJECTS\loginapp\target\classes started by dvasu in E:\PROJECTS\loginapp)
2025-10-24 00:09:25 [main] DEBUG c.e.loginapp.LoginappApplication - Running with Spring Boot v3.5.7, Spring v6.2.12
2025-10-24 00:09:25 [main] INFO  c.e.loginapp.LoginappApplication - No active profile set, falling back to 1 default profile: "default"
2025-10-24 00:09:26 [main] INFO  o.s.d.r.c.RepositoryConfigurationDelegate - Bootstrapping Spring Data JPA repositories in DEFAULT mode.
2025-10-24 00:09:26 [main] INFO  o.s.d.r.c.RepositoryConfigurationDelegate - Finished Spring Data repository scanning in 69 ms. Found 1 JPA repository interface.
2025-10-24 00:09:26 [main] INFO  o.s.b.w.e.tomcat.TomcatWebServer - Tomcat initialized with port 8080 (http)
2025-10-24 00:09:26 [main] INFO  o.a.coyote.http11.Http11NioProtocol - Initializing ProtocolHandler ["http-nio-8080"]
2025-10-24 00:09:26 [main] INFO  o.a.catalina.core.StandardService - Starting service [Tomcat]
2025-10-24 00:09:26 [main] INFO  o.a.catalina.core.StandardEngine - Starting Servlet engine: [Apache Tomcat/10.1.48]
2025-10-24 00:09:27 [main] INFO  o.a.c.c.C.[.[.[/boot-login-app] - Initializing Spring embedded WebApplicationContext
2025-10-24 00:09:27 [main] INFO  o.s.b.w.s.c.ServletWebServerApplicationContext - Root WebApplicationContext: initialization completed in 1806 ms
2025-10-24 00:09:27 [main] INFO  o.h.jpa.internal.util.LogHelper - HHH000204: Processing PersistenceUnitInfo [name: default]
2025-10-24 00:09:27 [main] INFO  org.hibernate.Version - HHH000412: Hibernate ORM core version 6.6.33.Final
2025-10-24 00:09:27 [main] INFO  o.h.c.i.RegionFactoryInitiator - HHH000026: Second-level cache disabled
2025-10-24 00:09:27 [main] INFO  o.s.o.j.p.SpringPersistenceUnitInfo - No LoadTimeWeaver setup: ignoring JPA class transformer
2025-10-24 00:09:27 [main] INFO  com.zaxxer.hikari.HikariDataSource - HikariPool-1 - Starting...
2025-10-24 00:09:28 [main] INFO  com.zaxxer.hikari.pool.HikariPool - HikariPool-1 - Added connection org.postgresql.jdbc.PgConnection@6113a26f
2025-10-24 00:09:28 [main] INFO  com.zaxxer.hikari.HikariDataSource - HikariPool-1 - Start completed.
2025-10-24 00:09:28 [main] WARN  org.hibernate.orm.deprecation - HHH90000025: PostgreSQLDialect does not need to be specified explicitly using 'hibernate.dialect' (remove the property setting and it will be selected by default)
2025-10-24 00:09:28 [main] INFO  o.hibernate.orm.connections.pooling - HHH10001005: Database info:
	Database JDBC URL [Connecting through datasource 'HikariDataSource (HikariPool-1)']
	Database driver: undefined/unknown
	Database version: 17.6
	Autocommit mode: undefined/unknown
	Isolation level: undefined/unknown
	Minimum pool size: undefined/unknown
	Maximum pool size: undefined/unknown
2025-10-24 00:09:29 [main] INFO  o.h.e.t.j.p.i.JtaPlatformInitiator - HHH000489: No JTA platform available (set 'hibernate.transaction.jta.platform' to enable JTA platform integration)
2025-10-24 00:09:29 [main] INFO  o.s.o.j.LocalContainerEntityManagerFactoryBean - Initialized JPA EntityManagerFactory for persistence unit 'default'
2025-10-24 00:09:30 [main] WARN  o.s.b.a.o.j.JpaBaseConfiguration$JpaWebConfiguration - spring.jpa.open-in-view is enabled by default. Therefore, database queries may be performed during view rendering. Explicitly configure spring.jpa.open-in-view to disable this warning
2025-10-24 00:09:30 [main] INFO  o.a.coyote.http11.Http11NioProtocol - Starting ProtocolHandler ["http-nio-8080"]
2025-10-24 00:09:30 [main] INFO  o.s.b.w.e.tomcat.TomcatWebServer - Tomcat started on port 8080 (http) with context path '/boot-login-app'
2025-10-24 00:09:30 [main] INFO  c.e.loginapp.LoginappApplication - Started LoginappApplication in 6.454 seconds (process running for 8.072)
2025-10-24 00:10:13 [http-nio-8080-exec-2] INFO  o.a.c.c.C.[.[.[/boot-login-app] - Initializing Spring DispatcherServlet 'dispatcherServlet'
2025-10-24 00:10:13 [http-nio-8080-exec-2] INFO  o.s.web.servlet.DispatcherServlet - Initializing Servlet 'dispatcherServlet'
2025-10-24 00:10:13 [http-nio-8080-exec-2] INFO  o.s.web.servlet.DispatcherServlet - Completed initialization in 3 ms
2025-10-24 00:10:47 [http-nio-8080-exec-1] WARN  o.s.w.s.m.s.DefaultHandlerExceptionResolver - Resolved [org.springframework.web.HttpRequestMethodNotSupportedException: Request method 'GET' is not supported]
2025-10-24 00:10:51 [http-nio-8080-exec-3] INFO  c.e.l.controller.LoginController - 5
2025-10-24 00:10:58 [http-nio-8080-exec-4] INFO  c.e.l.controller.LoginController - 6
2025-10-24 00:10:58 [http-nio-8080-exec-4] DEBUG org.hibernate.SQL - select u1_0.id,u1_0.password,u1_0.username from login u1_0 where u1_0.username=?
2025-10-24 00:10:59 [http-nio-8080-exec-4] INFO  c.e.l.controller.LoginController - 7
2025-10-24 00:10:59 [http-nio-8080-exec-4] INFO  c.e.l.controller.LoginController - 9
2025-10-24 00:10:59 [http-nio-8080-exec-4] DEBUG org.hibernate.SQL - insert into login (password,username) values (?,?)
2025-10-24 00:10:59 [http-nio-8080-exec-4] INFO  c.e.l.controller.LoginController - 10
2025-10-24 00:11:10 [http-nio-8080-exec-5] INFO  c.e.l.controller.LoginController - 1
2025-10-24 00:11:10 [http-nio-8080-exec-5] DEBUG org.hibernate.SQL - select u1_0.id,u1_0.password,u1_0.username from login u1_0 where u1_0.username=? and u1_0.password=?
2025-10-24 00:11:10 [http-nio-8080-exec-5] INFO  c.e.l.controller.LoginController - 2
2025-10-24 00:11:10 [http-nio-8080-exec-5] INFO  c.e.l.controller.LoginController - 3
2025-10-24 00:11:16 [http-nio-8080-exec-9] WARN  o.s.w.s.m.s.DefaultHandlerExceptionResolver - Resolved [org.springframework.web.HttpRequestMethodNotSupportedException: Request method 'GET' is not supported]
2025-10-24 00:14:51 [RMI TCP Connection(7)-127.0.0.1] INFO  o.s.b.a.SpringApplicationAdminMXBeanRegistrar$SpringApplicationAdmin - Application shutdown requested.
2025-10-24 00:14:51 [RMI TCP Connection(7)-127.0.0.1] INFO  o.s.b.w.e.tomcat.GracefulShutdown - Commencing graceful shutdown. Waiting for active requests to complete
2025-10-24 00:14:51 [tomcat-shutdown] INFO  o.a.coyote.http11.Http11NioProtocol - Pausing ProtocolHandler ["http-nio-8080"]
2025-10-24 00:14:52 [tomcat-shutdown] INFO  o.s.b.w.e.tomcat.GracefulShutdown - Graceful shutdown complete
2025-10-24 00:14:52 [RMI TCP Connection(7)-127.0.0.1] INFO  o.a.coyote.http11.Http11NioProtocol - Stopping ProtocolHandler ["http-nio-8080"]
2025-10-24 00:14:52 [RMI TCP Connection(7)-127.0.0.1] INFO  o.s.o.j.LocalContainerEntityManagerFactoryBean - Closing JPA EntityManagerFactory for persistence unit 'default'
2025-10-24 00:14:52 [RMI TCP Connection(7)-127.0.0.1] INFO  com.zaxxer.hikari.HikariDataSource - HikariPool-1 - Shutdown initiated...
2025-10-24 00:14:52 [RMI TCP Connection(7)-127.0.0.1] INFO  com.zaxxer.hikari.HikariDataSource - HikariPool-1 - Shutdown completed.
2025-10-24 00:15:39 [main] INFO  c.e.loginapp.LoginappApplication - Starting LoginappApplication using Java 17.0.16 with PID 19020 (E:\PROJECTS\loginapp\target\classes started by dvasu in E:\PROJECTS\loginapp)
2025-10-24 00:15:39 [main] DEBUG c.e.loginapp.LoginappApplication - Running with Spring Boot v3.5.7, Spring v6.2.12
2025-10-24 00:15:39 [main] INFO  c.e.loginapp.LoginappApplication - No active profile set, falling back to 1 default profile: "default"
2025-10-24 00:15:40 [main] INFO  o.s.d.r.c.RepositoryConfigurationDelegate - Bootstrapping Spring Data JPA repositories in DEFAULT mode.
2025-10-24 00:15:40 [main] INFO  o.s.d.r.c.RepositoryConfigurationDelegate - Finished Spring Data repository scanning in 64 ms. Found 1 JPA repository interface.
2025-10-24 00:15:40 [main] INFO  o.s.b.w.e.tomcat.TomcatWebServer - Tomcat initialized with port 8080 (http)
2025-10-24 00:15:40 [main] INFO  o.a.coyote.http11.Http11NioProtocol - Initializing ProtocolHandler ["http-nio-8080"]
2025-10-24 00:15:40 [main] INFO  o.a.catalina.core.StandardService - Starting service [Tomcat]
2025-10-24 00:15:40 [main] INFO  o.a.catalina.core.StandardEngine - Starting Servlet engine: [Apache Tomcat/10.1.48]
2025-10-24 00:15:40 [main] INFO  o.a.c.c.C.[.[.[/boot-login-app] - Initializing Spring embedded WebApplicationContext
2025-10-24 00:15:40 [main] INFO  o.s.b.w.s.c.ServletWebServerApplicationContext - Root WebApplicationContext: initialization completed in 1676 ms
2025-10-24 00:15:41 [main] INFO  o.h.jpa.internal.util.LogHelper - HHH000204: Processing PersistenceUnitInfo [name: default]
2025-10-24 00:15:41 [main] INFO  org.hibernate.Version - HHH000412: Hibernate ORM core version 6.6.33.Final
2025-10-24 00:15:41 [main] INFO  o.h.c.i.RegionFactoryInitiator - HHH000026: Second-level cache disabled
2025-10-24 00:15:41 [main] INFO  o.s.o.j.p.SpringPersistenceUnitInfo - No LoadTimeWeaver setup: ignoring JPA class transformer
2025-10-24 00:15:41 [main] INFO  com.zaxxer.hikari.HikariDataSource - HikariPool-1 - Starting...
2025-10-24 00:15:42 [main] INFO  com.zaxxer.hikari.pool.HikariPool - HikariPool-1 - Added connection org.postgresql.jdbc.PgConnection@43755e2f
2025-10-24 00:15:42 [main] INFO  com.zaxxer.hikari.HikariDataSource - HikariPool-1 - Start completed.
2025-10-24 00:15:42 [main] WARN  org.hibernate.orm.deprecation - HHH90000025: PostgreSQLDialect does not need to be specified explicitly using 'hibernate.dialect' (remove the property setting and it will be selected by default)
2025-10-24 00:15:42 [main] INFO  o.hibernate.orm.connections.pooling - HHH10001005: Database info:
	Database JDBC URL [Connecting through datasource 'HikariDataSource (HikariPool-1)']
	Database driver: undefined/unknown
	Database version: 17.6
	Autocommit mode: undefined/unknown
	Isolation level: undefined/unknown
	Minimum pool size: undefined/unknown
	Maximum pool size: undefined/unknown
2025-10-24 00:15:43 [main] INFO  o.h.e.t.j.p.i.JtaPlatformInitiator - HHH000489: No JTA platform available (set 'hibernate.transaction.jta.platform' to enable JTA platform integration)
2025-10-24 00:15:43 [main] INFO  o.s.o.j.LocalContainerEntityManagerFactoryBean - Initialized JPA EntityManagerFactory for persistence unit 'default'
2025-10-24 00:15:43 [main] WARN  o.s.b.a.o.j.JpaBaseConfiguration$JpaWebConfiguration - spring.jpa.open-in-view is enabled by default. Therefore, database queries may be performed during view rendering. Explicitly configure spring.jpa.open-in-view to disable this warning
2025-10-24 00:15:44 [main] INFO  o.a.coyote.http11.Http11NioProtocol - Starting ProtocolHandler ["http-nio-8080"]
2025-10-24 00:15:44 [main] INFO  o.s.b.w.e.tomcat.TomcatWebServer - Tomcat started on port 8080 (http) with context path '/boot-login-app'
2025-10-24 00:15:44 [main] INFO  c.e.loginapp.LoginappApplication - Started LoginappApplication in 6.043 seconds (process running for 6.929)
2025-10-24 00:15:51 [http-nio-8080-exec-1] INFO  o.a.c.c.C.[.[.[/boot-login-app] - Initializing Spring DispatcherServlet 'dispatcherServlet'
2025-10-24 00:15:51 [http-nio-8080-exec-1] INFO  o.s.web.servlet.DispatcherServlet - Initializing Servlet 'dispatcherServlet'
2025-10-24 00:15:51 [http-nio-8080-exec-1] INFO  o.s.web.servlet.DispatcherServlet - Completed initialization in 3 ms
2025-10-24 00:15:58 [http-nio-8080-exec-4] INFO  c.e.l.controller.LoginController - Loading signup page
2025-10-24 00:16:02 [http-nio-8080-exec-5] INFO  c.e.l.controller.LoginController - Loading login page
2025-10-24 00:16:13 [http-nio-8080-exec-6] INFO  c.e.l.controller.LoginController - Login attempt for username: rwer
2025-10-24 00:16:14 [http-nio-8080-exec-6] DEBUG org.hibernate.SQL - select u1_0.id,u1_0.password,u1_0.username from login u1_0 where u1_0.username=? and u1_0.password=?
2025-10-24 00:16:14 [http-nio-8080-exec-6] INFO  c.e.l.controller.LoginController - Login failed for username: rwer
2025-10-24 00:16:15 [http-nio-8080-exec-7] INFO  c.e.l.controller.LoginController - Loading signup page
2025-10-24 00:16:23 [http-nio-8080-exec-8] INFO  c.e.l.controller.LoginController - Signup attempt for username: vasu
2025-10-24 00:16:23 [http-nio-8080-exec-8] DEBUG org.hibernate.SQL - select u1_0.id,u1_0.password,u1_0.username from login u1_0 where u1_0.username=?
2025-10-24 00:16:23 [http-nio-8080-exec-8] DEBUG org.hibernate.SQL - insert into login (password,username) values (?,?)
2025-10-24 00:16:23 [http-nio-8080-exec-8] INFO  c.e.l.controller.LoginController - Signup successful for username: vasu
2025-10-24 00:16:32 [http-nio-8080-exec-9] INFO  c.e.l.controller.LoginController - Login attempt for username: vasu
2025-10-24 00:16:32 [http-nio-8080-exec-9] DEBUG org.hibernate.SQL - select u1_0.id,u1_0.password,u1_0.username from login u1_0 where u1_0.username=? and u1_0.password=?
2025-10-24 00:16:32 [http-nio-8080-exec-9] INFO  c.e.l.controller.LoginController - Login successful for username: vasu
2025-10-24 00:18:18 [RMI TCP Connection(6)-127.0.0.1] INFO  o.s.b.a.SpringApplicationAdminMXBeanRegistrar$SpringApplicationAdmin - Application shutdown requested.
2025-10-24 00:18:18 [RMI TCP Connection(6)-127.0.0.1] INFO  o.s.b.w.e.tomcat.GracefulShutdown - Commencing graceful shutdown. Waiting for active requests to complete
2025-10-24 00:18:18 [tomcat-shutdown] INFO  o.a.coyote.http11.Http11NioProtocol - Pausing ProtocolHandler ["http-nio-8080"]
2025-10-24 00:18:18 [tomcat-shutdown] INFO  o.s.b.w.e.tomcat.GracefulShutdown - Graceful shutdown complete
2025-10-24 00:18:18 [RMI TCP Connection(6)-127.0.0.1] INFO  o.a.coyote.http11.Http11NioProtocol - Stopping ProtocolHandler ["http-nio-8080"]
2025-10-24 00:18:18 [RMI TCP Connection(6)-127.0.0.1] INFO  o.s.o.j.LocalContainerEntityManagerFactoryBean - Closing JPA EntityManagerFactory for persistence unit 'default'
2025-10-24 00:18:18 [RMI TCP Connection(6)-127.0.0.1] INFO  com.zaxxer.hikari.HikariDataSource - HikariPool-1 - Shutdown initiated...
2025-10-24 00:18:18 [RMI TCP Connection(6)-127.0.0.1] INFO  com.zaxxer.hikari.HikariDataSource - HikariPool-1 - Shutdown completed.
